  Camera.cpp
  DirectionalLight.cpp
E:\OpenGL\OpenGLScratchApp\OpenGLScratchApp\DirectionalLight.cpp(23,14): warning C4244: “参数”: 从“GLfloat”转换到“GLint”，可能丢失数据
E:\OpenGL\OpenGLScratchApp\OpenGLScratchApp\DirectionalLight.cpp(24,14): warning C4244: “参数”: 从“GLfloat”转换到“GLint”，可能丢失数据
E:\OpenGL\OpenGLScratchApp\OpenGLScratchApp\DirectionalLight.cpp(26,14): warning C4244: “参数”: 从“GLfloat”转换到“GLint”，可能丢失数据
E:\OpenGL\OpenGLScratchApp\OpenGLScratchApp\DirectionalLight.cpp(27,14): warning C4244: “参数”: 从“GLfloat”转换到“GLint”，可能丢失数据
  Light.cpp
E:\OpenGL\OpenGLScratchApp\OpenGLScratchApp\Light.cpp(13,31): warning C4244: “参数”: 从“GLfloat”转换到“GLuint”，可能丢失数据
E:\OpenGL\OpenGLScratchApp\OpenGLScratchApp\Light.cpp(13,18): warning C4244: “参数”: 从“GLfloat”转换到“GLuint”，可能丢失数据
  Material.cpp
  Mesh.cpp
  Model.cpp
E:\OpenGL\OpenGLScratchApp\OpenGLScratchApp\Model.cpp(48,10): warning C4477: “printf”: 格式字符串“%s”需要类型“char *”的参数，但可变参数 1 拥有了类型“const std::string”
E:\OpenGL\OpenGLScratchApp\OpenGLScratchApp\Model.cpp(100,80): warning C4267: “参数”: 从“size_t”转换到“unsigned int”，可能丢失数据
E:\OpenGL\OpenGLScratchApp\OpenGLScratchApp\Model.cpp(121,49): warning C4267: “初始化”: 从“size_t”转换到“int”，可能丢失数据
E:\OpenGL\OpenGLScratchApp\OpenGLScratchApp\Model.cpp(129,13): warning C4477: “printf”: 格式字符串“%s”需要类型“char *”的参数，但可变参数 1 拥有了类型“std::string”
  OmniShadowMap.cpp
E:\OpenGL\OpenGLScratchApp\OpenGLScratchApp\OmniShadowMap.cpp(17,142): warning C4267: “参数”: 从“size_t”转换到“GLenum”，可能丢失数据
  OpenGLScratchApp.cpp
E:\OpenGL\OpenGLScratchApp\OpenGLScratchApp\Window.h(16,36): warning C4244: “return”: 从“GLint”转换到“GLfloat”，可能丢失数据
E:\OpenGL\OpenGLScratchApp\OpenGLScratchApp\Window.h(17,37): warning C4244: “return”: 从“GLint”转换到“GLfloat”，可能丢失数据
E:\OpenGL\OpenGLScratchApp\OpenGLScratchApp\OpenGLScratchApp.cpp(124,52): warning C4267: “初始化”: 从“size_t”转换到“unsigned int”，可能丢失数据
E:\OpenGL\OpenGLScratchApp\OpenGLScratchApp\OpenGLScratchApp.cpp(198,2): warning C4305: “初始化”: 从“double”到“GLfloat”截断
E:\OpenGL\OpenGLScratchApp\OpenGLScratchApp\OpenGLScratchApp.cpp(220,50): warning C4244: “参数”: 从“float”转换到“const size_t”，可能丢失数据
E:\OpenGL\OpenGLScratchApp\OpenGLScratchApp\OpenGLScratchApp.cpp(223,49): warning C4244: “参数”: 从“float”转换到“const size_t”，可能丢失数据
E:\OpenGL\OpenGLScratchApp\OpenGLScratchApp\OpenGLScratchApp.cpp(267,36): warning C4244: “参数”: 从“double”转换到“const size_t”，可能丢失数据
E:\OpenGL\OpenGLScratchApp\OpenGLScratchApp\OpenGLScratchApp.cpp(270,35): warning C4244: “参数”: 从“double”转换到“const size_t”，可能丢失数据
E:\OpenGL\OpenGLScratchApp\OpenGLScratchApp\OpenGLScratchApp.cpp(419,21): warning C4305: “+=”: 从“double”到“GLfloat”截断
E:\OpenGL\OpenGLScratchApp\OpenGLScratchApp\OpenGLScratchApp.cpp(732,15): warning C4244: “初始化”: 从“double”转换到“GLfloat”，可能丢失数据
  PointLight.cpp
E:\OpenGL\OpenGLScratchApp\OpenGLScratchApp\PointLight.cpp(16,66): warning C4244: “参数”: 从“GLuint”转换到“GLfloat”，可能丢失数据
E:\OpenGL\OpenGLScratchApp\OpenGLScratchApp\PointLight.cpp(16,53): warning C4244: “参数”: 从“GLuint”转换到“GLfloat”，可能丢失数据
  Shader.cpp
E:\OpenGL\OpenGLScratchApp\OpenGLScratchApp\Shader.cpp(181,38): warning C4477: “snprintf”: 格式字符串“%d”需要类型“int”的参数，但可变参数 1 拥有了类型“size_t”
E:\OpenGL\OpenGLScratchApp\OpenGLScratchApp\Shader.cpp(181,38): message : 请考虑在格式字符串中使用“%zd”
E:\OpenGL\OpenGLScratchApp\OpenGLScratchApp\Shader.cpp(184,38): warning C4477: “snprintf”: 格式字符串“%d”需要类型“int”的参数，但可变参数 1 拥有了类型“size_t”
E:\OpenGL\OpenGLScratchApp\OpenGLScratchApp\Shader.cpp(184,38): message : 请考虑在格式字符串中使用“%zd”
E:\OpenGL\OpenGLScratchApp\OpenGLScratchApp\Shader.cpp(187,38): warning C4477: “snprintf”: 格式字符串“%d”需要类型“int”的参数，但可变参数 1 拥有了类型“size_t”
E:\OpenGL\OpenGLScratchApp\OpenGLScratchApp\Shader.cpp(187,38): message : 请考虑在格式字符串中使用“%zd”
E:\OpenGL\OpenGLScratchApp\OpenGLScratchApp\Shader.cpp(190,38): warning C4477: “snprintf”: 格式字符串“%d”需要类型“int”的参数，但可变参数 1 拥有了类型“size_t”
E:\OpenGL\OpenGLScratchApp\OpenGLScratchApp\Shader.cpp(190,38): message : 请考虑在格式字符串中使用“%zd”
E:\OpenGL\OpenGLScratchApp\OpenGLScratchApp\Shader.cpp(193,38): warning C4477: “snprintf”: 格式字符串“%d”需要类型“int”的参数，但可变参数 1 拥有了类型“size_t”
E:\OpenGL\OpenGLScratchApp\OpenGLScratchApp\Shader.cpp(193,38): message : 请考虑在格式字符串中使用“%zd”
E:\OpenGL\OpenGLScratchApp\OpenGLScratchApp\Shader.cpp(196,38): warning C4477: “snprintf”: 格式字符串“%d”需要类型“int”的参数，但可变参数 1 拥有了类型“size_t”
E:\OpenGL\OpenGLScratchApp\OpenGLScratchApp\Shader.cpp(196,38): message : 请考虑在格式字符串中使用“%zd”
E:\OpenGL\OpenGLScratchApp\OpenGLScratchApp\Shader.cpp(199,38): warning C4477: “snprintf”: 格式字符串“%d”需要类型“int”的参数，但可变参数 1 拥有了类型“size_t”
E:\OpenGL\OpenGLScratchApp\OpenGLScratchApp\Shader.cpp(199,38): message : 请考虑在格式字符串中使用“%zd”
E:\OpenGL\OpenGLScratchApp\OpenGLScratchApp\Shader.cpp(210,38): warning C4477: “snprintf”: 格式字符串“%d”需要类型“int”的参数，但可变参数 1 拥有了类型“size_t”
E:\OpenGL\OpenGLScratchApp\OpenGLScratchApp\Shader.cpp(210,38): message : 请考虑在格式字符串中使用“%zd”
E:\OpenGL\OpenGLScratchApp\OpenGLScratchApp\Shader.cpp(213,38): warning C4477: “snprintf”: 格式字符串“%d”需要类型“int”的参数，但可变参数 1 拥有了类型“size_t”
E:\OpenGL\OpenGLScratchApp\OpenGLScratchApp\Shader.cpp(213,38): message : 请考虑在格式字符串中使用“%zd”
E:\OpenGL\OpenGLScratchApp\OpenGLScratchApp\Shader.cpp(216,38): warning C4477: “snprintf”: 格式字符串“%d”需要类型“int”的参数，但可变参数 1 拥有了类型“size_t”
E:\OpenGL\OpenGLScratchApp\OpenGLScratchApp\Shader.cpp(216,38): message : 请考虑在格式字符串中使用“%zd”
E:\OpenGL\OpenGLScratchApp\OpenGLScratchApp\Shader.cpp(219,38): warning C4477: “snprintf”: 格式字符串“%d”需要类型“int”的参数，但可变参数 1 拥有了类型“size_t”
E:\OpenGL\OpenGLScratchApp\OpenGLScratchApp\Shader.cpp(219,38): message : 请考虑在格式字符串中使用“%zd”
E:\OpenGL\OpenGLScratchApp\OpenGLScratchApp\Shader.cpp(222,38): warning C4477: “snprintf”: 格式字符串“%d”需要类型“int”的参数，但可变参数 1 拥有了类型“size_t”
E:\OpenGL\OpenGLScratchApp\OpenGLScratchApp\Shader.cpp(222,38): message : 请考虑在格式字符串中使用“%zd”
E:\OpenGL\OpenGLScratchApp\OpenGLScratchApp\Shader.cpp(225,38): warning C4477: “snprintf”: 格式字符串“%d”需要类型“int”的参数，但可变参数 1 拥有了类型“size_t”
E:\OpenGL\OpenGLScratchApp\OpenGLScratchApp\Shader.cpp(225,38): message : 请考虑在格式字符串中使用“%zd”
E:\OpenGL\OpenGLScratchApp\OpenGLScratchApp\Shader.cpp(228,38): warning C4477: “snprintf”: 格式字符串“%d”需要类型“int”的参数，但可变参数 1 拥有了类型“size_t”
E:\OpenGL\OpenGLScratchApp\OpenGLScratchApp\Shader.cpp(228,38): message : 请考虑在格式字符串中使用“%zd”
E:\OpenGL\OpenGLScratchApp\OpenGLScratchApp\Shader.cpp(231,38): warning C4477: “snprintf”: 格式字符串“%d”需要类型“int”的参数，但可变参数 1 拥有了类型“size_t”
E:\OpenGL\OpenGLScratchApp\OpenGLScratchApp\Shader.cpp(231,38): message : 请考虑在格式字符串中使用“%zd”
E:\OpenGL\OpenGLScratchApp\OpenGLScratchApp\Shader.cpp(234,38): warning C4477: “snprintf”: 格式字符串“%d”需要类型“int”的参数，但可变参数 1 拥有了类型“size_t”
E:\OpenGL\OpenGLScratchApp\OpenGLScratchApp\Shader.cpp(234,38): message : 请考虑在格式字符串中使用“%zd”
E:\OpenGL\OpenGLScratchApp\OpenGLScratchApp\Shader.cpp(250,38): warning C4477: “snprintf”: 格式字符串“%d”需要类型“int”的参数，但可变参数 1 拥有了类型“size_t”
E:\OpenGL\OpenGLScratchApp\OpenGLScratchApp\Shader.cpp(250,38): message : 请考虑在格式字符串中使用“%zd”
E:\OpenGL\OpenGLScratchApp\OpenGLScratchApp\Shader.cpp(259,38): warning C4477: “snprintf”: 格式字符串“%d”需要类型“int”的参数，但可变参数 1 拥有了类型“size_t”
E:\OpenGL\OpenGLScratchApp\OpenGLScratchApp\Shader.cpp(259,38): message : 请考虑在格式字符串中使用“%zd”
E:\OpenGL\OpenGLScratchApp\OpenGLScratchApp\Shader.cpp(262,38): warning C4477: “snprintf”: 格式字符串“%d”需要类型“int”的参数，但可变参数 1 拥有了类型“size_t”
E:\OpenGL\OpenGLScratchApp\OpenGLScratchApp\Shader.cpp(262,38): message : 请考虑在格式字符串中使用“%zd”
E:\OpenGL\OpenGLScratchApp\OpenGLScratchApp\Shader.cpp(346,74): warning C4244: “参数”: 从“GLuint”转换到“GLfloat”，可能丢失数据
E:\OpenGL\OpenGLScratchApp\OpenGLScratchApp\Shader.cpp(346,27): warning C4244: “参数”: 从“GLuint”转换到“GLfloat”，可能丢失数据
E:\OpenGL\OpenGLScratchApp\OpenGLScratchApp\Shader.cpp(345,87): warning C4244: “参数”: 从“GLuint”转换到“GLfloat”，可能丢失数据
E:\OpenGL\OpenGLScratchApp\OpenGLScratchApp\Shader.cpp(345,40): warning C4244: “参数”: 从“GLuint”转换到“GLfloat”，可能丢失数据
E:\OpenGL\OpenGLScratchApp\OpenGLScratchApp\Shader.cpp(361,63): warning C4267: “参数”: 从“size_t”转换到“GLenum”，可能丢失数据
E:\OpenGL\OpenGLScratchApp\OpenGLScratchApp\Shader.cpp(362,74): warning C4267: “参数”: 从“size_t”转换到“GLint”，可能丢失数据
E:\OpenGL\OpenGLScratchApp\OpenGLScratchApp\Shader.cpp(379,63): warning C4267: “参数”: 从“size_t”转换到“GLenum”，可能丢失数据
E:\OpenGL\OpenGLScratchApp\OpenGLScratchApp\Shader.cpp(380,74): warning C4267: “参数”: 从“size_t”转换到“GLint”，可能丢失数据
E:\OpenGL\OpenGLScratchApp\OpenGLScratchApp\Shader.cpp(452,36): warning C4267: “=”: 从“size_t”转换到“GLint”，可能丢失数据
  ShadowMap.cpp
  SpotLight.cpp
  Textrue.cpp
  UniformBufferObject.cpp
  Window.cpp
E:\OpenGL\OpenGLScratchApp\OpenGLScratchApp\Window.h(16,36): warning C4244: “return”: 从“GLint”转换到“GLfloat”，可能丢失数据
E:\OpenGL\OpenGLScratchApp\OpenGLScratchApp\Window.h(17,37): warning C4244: “return”: 从“GLint”转换到“GLfloat”，可能丢失数据
E:\OpenGL\OpenGLScratchApp\OpenGLScratchApp\Window.cpp(139,23): warning C4244: “=”: 从“double”转换到“GLfloat”，可能丢失数据
E:\OpenGL\OpenGLScratchApp\OpenGLScratchApp\Window.cpp(140,23): warning C4244: “=”: 从“double”转换到“GLfloat”，可能丢失数据
E:\OpenGL\OpenGLScratchApp\OpenGLScratchApp\Window.cpp(144,29): warning C4244: “=”: 从“double”转换到“GLfloat”，可能丢失数据
E:\OpenGL\OpenGLScratchApp\OpenGLScratchApp\Window.cpp(145,42): warning C4244: “=”: 从“double”转换到“GLfloat”，可能丢失数据
E:\OpenGL\OpenGLScratchApp\OpenGLScratchApp\Window.cpp(148,22): warning C4244: “=”: 从“double”转换到“GLfloat”，可能丢失数据
E:\OpenGL\OpenGLScratchApp\OpenGLScratchApp\Window.cpp(149,22): warning C4244: “=”: 从“double”转换到“GLfloat”，可能丢失数据
  正在生成代码...
E:\OpenGL\OpenGLScratchApp\OpenGLScratchApp\Window.cpp(86): warning C4715: “Window::Initialise”: 不是所有的控件路径都返回值
Shader.obj : error LNK2001: 无法解析的外部符号 __imp___glewUniform1f
SpotLight.obj : error LNK2001: 无法解析的外部符号 __imp___glewUniform1f
DirectionalLight.obj : error LNK2001: 无法解析的外部符号 __imp___glewUniform1f
Material.obj : error LNK2001: 无法解析的外部符号 __imp___glewUniform1f
OpenGLScratchApp.obj : error LNK2001: 无法解析的外部符号 __imp___glewUniform1f
PointLight.obj : error LNK2001: 无法解析的外部符号 __imp___glewUniform1f
DirectionalLight.obj : error LNK2001: 无法解析的外部符号 __imp___glewUniform3f
OpenGLScratchApp.obj : error LNK2001: 无法解析的外部符号 __imp___glewUniform3f
PointLight.obj : error LNK2001: 无法解析的外部符号 __imp___glewUniform3f
SpotLight.obj : error LNK2001: 无法解析的外部符号 __imp___glewUniform3f
Mesh.obj : error LNK2001: 无法解析的外部符号 __imp___glewBindBuffer
OpenGLScratchApp.obj : error LNK2001: 无法解析的外部符号 __imp___glewBindBuffer
UniformBufferObject.obj : error LNK2001: 无法解析的外部符号 __imp___glewBindBuffer
Mesh.obj : error LNK2001: 无法解析的外部符号 __imp___glewBufferData
UniformBufferObject.obj : error LNK2001: 无法解析的外部符号 __imp___glewBufferData
Mesh.obj : error LNK2001: 无法解析的外部符号 __imp___glewDeleteBuffers
UniformBufferObject.obj : error LNK2001: 无法解析的外部符号 __imp___glewDeleteBuffers
Mesh.obj : error LNK2001: 无法解析的外部符号 __imp___glewGenBuffers
UniformBufferObject.obj : error LNK2001: 无法解析的外部符号 __imp___glewGenBuffers
Mesh.obj : error LNK2001: 无法解析的外部符号 __imp___glewEnableVertexAttribArray
Mesh.obj : error LNK2001: 无法解析的外部符号 __imp___glewVertexAttribPointer
Mesh.obj : error LNK2001: 无法解析的外部符号 __imp___glewDrawElementsInstanced
Mesh.obj : error LNK2001: 无法解析的外部符号 __imp___glewBindVertexArray
Mesh.obj : error LNK2001: 无法解析的外部符号 __imp___glewDeleteVertexArrays
Mesh.obj : error LNK2001: 无法解析的外部符号 __imp___glewGenVertexArrays
Model.obj : error LNK2019: 无法解析的外部符号 aiGetMaterialTextureCount，函数 "public: unsigned int __cdecl aiMaterial::GetTextureCount(enum aiTextureType)const " (?GetTextureCount@aiMaterial@@QEBAIW4aiTextureType@@@Z) 中引用了该符号
Model.obj : error LNK2019: 无法解析的外部符号 aiGetMaterialTexture，函数 "public: enum aiReturn __cdecl aiMaterial::GetTexture(enum aiTextureType,unsigned int,struct aiString *,enum aiTextureMapping *,unsigned int *,float *,enum aiTextureOp *,enum aiTextureMapMode *)const " (?GetTexture@aiMaterial@@QEBA?AW4aiReturn@@W4aiTextureType@@IPEAUaiString@@PEAW4aiTextureMapping@@PEAIPEAMPEAW4aiTextureOp@@PEAW4aiTextureMapMode@@@Z) 中引用了该符号
Model.obj : error LNK2019: 无法解析的外部符号 "public: __cdecl Assimp::Importer::Importer(void)" (??0Importer@Assimp@@QEAA@XZ)，函数 "public: void __cdecl Model::LoadModel(class std::basic_string<char,struct std::char_traits<char>,class std::allocator<char> > const &)" (?LoadModel@Model@@QEAAXAEBV?$basic_string@DU?$char_traits@D@std@@V?$allocator@D@2@@std@@@Z) 中引用了该符号
Model.obj : error LNK2019: 无法解析的外部符号 "public: __cdecl Assimp::Importer::~Importer(void)" (??1Importer@Assimp@@QEAA@XZ)，函数 "public: void __cdecl Model::LoadModel(class std::basic_string<char,struct std::char_traits<char>,class std::allocator<char> > const &)" (?LoadModel@Model@@QEAAXAEBV?$basic_string@DU?$char_traits@D@std@@V?$allocator@D@2@@std@@@Z) 中引用了该符号
Model.obj : error LNK2019: 无法解析的外部符号 "public: struct aiScene const * __cdecl Assimp::Importer::ReadFile(char const *,unsigned int)" (?ReadFile@Importer@Assimp@@QEAAPEBUaiScene@@PEBDI@Z)，函数 "public: struct aiScene const * __cdecl Assimp::Importer::ReadFile(class std::basic_string<char,struct std::char_traits<char>,class std::allocator<char> > const &,unsigned int)" (?ReadFile@Importer@Assimp@@QEAAPEBUaiScene@@AEBV?$basic_string@DU?$char_traits@D@std@@V?$allocator@D@2@@std@@I@Z) 中引用了该符号
Model.obj : error LNK2019: 无法解析的外部符号 "public: char const * __cdecl Assimp::Importer::GetErrorString(void)const " (?GetErrorString@Importer@Assimp@@QEBAPEBDXZ)，函数 "public: void __cdecl Model::LoadModel(class std::basic_string<char,struct std::char_traits<char>,class std::allocator<char> > const &)" (?LoadModel@Model@@QEAAXAEBV?$basic_string@DU?$char_traits@D@std@@V?$allocator@D@2@@std@@@Z) 中引用了该符号
OmniShadowMap.obj : error LNK2001: 无法解析的外部符号 __imp___glewActiveTexture
OpenGLScratchApp.obj : error LNK2001: 无法解析的外部符号 __imp___glewActiveTexture
ShadowMap.obj : error LNK2001: 无法解析的外部符号 __imp___glewActiveTexture
Textrue.obj : error LNK2001: 无法解析的外部符号 __imp___glewActiveTexture
OmniShadowMap.obj : error LNK2001: 无法解析的外部符号 __imp___glewFramebufferTexture
OmniShadowMap.obj : error LNK2001: 无法解析的外部符号 __imp___glewBindFramebuffer
OpenGLScratchApp.obj : error LNK2001: 无法解析的外部符号 __imp___glewBindFramebuffer
ShadowMap.obj : error LNK2001: 无法解析的外部符号 __imp___glewBindFramebuffer
OmniShadowMap.obj : error LNK2001: 无法解析的外部符号 __imp___glewCheckFramebufferStatus
ShadowMap.obj : error LNK2001: 无法解析的外部符号 __imp___glewCheckFramebufferStatus
OmniShadowMap.obj : error LNK2001: 无法解析的外部符号 __imp___glewGenFramebuffers
ShadowMap.obj : error LNK2001: 无法解析的外部符号 __imp___glewGenFramebuffers
OpenGLScratchApp.obj : error LNK2019: 无法解析的外部符号 glfwWindowShouldClose，函数 "public: bool __cdecl Window::getShouldClose(void)" (?getShouldClose@Window@@QEAA_NXZ) 中引用了该符号
OpenGLScratchApp.obj : error LNK2019: 无法解析的外部符号 glfwPollEvents，函数 main 中引用了该符号
OpenGLScratchApp.obj : error LNK2019: 无法解析的外部符号 glfwGetTime，函数 main 中引用了该符号
OpenGLScratchApp.obj : error LNK2019: 无法解析的外部符号 glfwSwapBuffers，函数 "public: void __cdecl Window::swapBuffers(void)" (?swapBuffers@Window@@QEAAXXZ) 中引用了该符号
OpenGLScratchApp.obj : error LNK2001: 无法解析的外部符号 __imp___glewUniformMatrix4fv
Shader.obj : error LNK2001: 无法解析的外部符号 __imp___glewUniformMatrix4fv
OpenGLScratchApp.obj : error LNK2001: 无法解析的外部符号 __imp___glewUseProgram
Shader.obj : error LNK2001: 无法解析的外部符号 __imp___glewUseProgram
Shader.obj : error LNK2001: 无法解析的外部符号 __imp___glewAttachShader
Shader.obj : error LNK2001: 无法解析的外部符号 __imp___glewCompileShader
Shader.obj : error LNK2001: 无法解析的外部符号 __imp___glewCreateProgram
Shader.obj : error LNK2001: 无法解析的外部符号 __imp___glewCreateShader
Shader.obj : error LNK2001: 无法解析的外部符号 __imp___glewDeleteProgram
Shader.obj : error LNK2001: 无法解析的外部符号 __imp___glewGetProgramInfoLog
Shader.obj : error LNK2001: 无法解析的外部符号 __imp___glewGetProgramiv
Shader.obj : error LNK2001: 无法解析的外部符号 __imp___glewGetShaderInfoLog
Shader.obj : error LNK2001: 无法解析的外部符号 __imp___glewGetShaderiv
Shader.obj : error LNK2001: 无法解析的外部符号 __imp___glewGetUniformLocation
Shader.obj : error LNK2001: 无法解析的外部符号 __imp___glewLinkProgram
Shader.obj : error LNK2001: 无法解析的外部符号 __imp___glewShaderSource
Shader.obj : error LNK2001: 无法解析的外部符号 __imp___glewUniform1i
Shader.obj : error LNK2001: 无法解析的外部符号 __imp___glewUniform3fv
Shader.obj : error LNK2001: 无法解析的外部符号 __imp___glewValidateProgram
Shader.obj : error LNK2001: 无法解析的外部符号 __imp___glewGetUniformBlockIndex
Shader.obj : error LNK2001: 无法解析的外部符号 __imp___glewUniformBlockBinding
ShadowMap.obj : error LNK2001: 无法解析的外部符号 __imp___glewDeleteFramebuffers
ShadowMap.obj : error LNK2001: 无法解析的外部符号 __imp___glewFramebufferTexture2D
Textrue.obj : error LNK2001: 无法解析的外部符号 __imp___glewGenerateMipmap
UniformBufferObject.obj : error LNK2001: 无法解析的外部符号 __imp___glewBufferSubData
UniformBufferObject.obj : error LNK2001: 无法解析的外部符号 __imp___glewBindBufferBase
Window.obj : error LNK2019: 无法解析的外部符号 __imp_glewInit，函数 "public: int __cdecl Window::Initialise(void)" (?Initialise@Window@@QEAAHXZ) 中引用了该符号
Window.obj : error LNK2019: 无法解析的外部符号 glfwInit，函数 "public: int __cdecl Window::Initialise(void)" (?Initialise@Window@@QEAAHXZ) 中引用了该符号
Window.obj : error LNK2019: 无法解析的外部符号 glfwTerminate，函数 "public: __cdecl Window::~Window(void)" (??1Window@@QEAA@XZ) 中引用了该符号
Window.obj : error LNK2019: 无法解析的外部符号 glfwWindowHint，函数 "public: int __cdecl Window::Initialise(void)" (?Initialise@Window@@QEAAHXZ) 中引用了该符号
Window.obj : error LNK2019: 无法解析的外部符号 glfwCreateWindow，函数 "public: int __cdecl Window::Initialise(void)" (?Initialise@Window@@QEAAHXZ) 中引用了该符号
Window.obj : error LNK2019: 无法解析的外部符号 glfwDestroyWindow，函数 "public: __cdecl Window::~Window(void)" (??1Window@@QEAA@XZ) 中引用了该符号
Window.obj : error LNK2019: 无法解析的外部符号 glfwSetWindowShouldClose，函数 "private: static void __cdecl Window::handleKeys(struct GLFWwindow *,int,int,int,int)" (?handleKeys@Window@@CAXPEAUGLFWwindow@@HHHH@Z) 中引用了该符号
Window.obj : error LNK2019: 无法解析的外部符号 glfwGetFramebufferSize，函数 "public: int __cdecl Window::Initialise(void)" (?Initialise@Window@@QEAAHXZ) 中引用了该符号
Window.obj : error LNK2019: 无法解析的外部符号 glfwSetWindowUserPointer，函数 "public: int __cdecl Window::Initialise(void)" (?Initialise@Window@@QEAAHXZ) 中引用了该符号
Window.obj : error LNK2019: 无法解析的外部符号 glfwGetWindowUserPointer，函数 "private: static void __cdecl Window::handleKeys(struct GLFWwindow *,int,int,int,int)" (?handleKeys@Window@@CAXPEAUGLFWwindow@@HHHH@Z) 中引用了该符号
Window.obj : error LNK2019: 无法解析的外部符号 glfwSetInputMode，函数 "public: int __cdecl Window::Initialise(void)" (?Initialise@Window@@QEAAHXZ) 中引用了该符号
Window.obj : error LNK2019: 无法解析的外部符号 glfwSetKeyCallback，函数 "private: void __cdecl Window::createCallbacks(void)" (?createCallbacks@Window@@AEAAXXZ) 中引用了该符号
Window.obj : error LNK2019: 无法解析的外部符号 glfwSetCursorPosCallback，函数 "private: void __cdecl Window::createCallbacks(void)" (?createCallbacks@Window@@AEAAXXZ) 中引用了该符号
Window.obj : error LNK2019: 无法解析的外部符号 glfwMakeContextCurrent，函数 "public: int __cdecl Window::Initialise(void)" (?Initialise@Window@@QEAAHXZ) 中引用了该符号
Window.obj : error LNK2001: 无法解析的外部符号 __imp_glewExperimental
E:\OpenGL\OpenGLScratchApp\\External Libs Backup\GLEW\lib\Release\win32\glew32.lib : warning LNK4272: 库计算机类型“x86”与目标计算机类型“x64”冲突
E:\OpenGL\OpenGLScratchApp\\External Libs Backup\GLFW\lib-vc2019\glfw3.lib : warning LNK4272: 库计算机类型“x86”与目标计算机类型“x64”冲突
E:\OpenGL\OpenGLScratchApp\\External Libs Backup\ASSIMP\lib\assimp-vc141-mt.lib : warning LNK4272: 库计算机类型“x86”与目标计算机类型“x64”冲突
E:\OpenGL\OpenGLScratchApp\x64\Debug\OpenGLScratchApp.exe : fatal error LNK1120: 66 个无法解析的外部命令
